#
# There is insufficient memory for the Java Runtime Environment to continue.
# Native memory allocation (malloc) failed to allocate 1048576 bytes. Error detail: AllocateHeap
# Possible reasons:
#   The system is out of physical RAM or swap space
#   This process is running with CompressedOops enabled, and the Java Heap may be blocking the growth of the native heap
# Possible solutions:
#   Reduce memory load on the system
#   Increase physical memory or swap space
#   Check if swap backing store is full
#   Decrease Java heap size (-Xmx/-Xms)
#   Decrease number of Java threads
#   Decrease Java thread stack sizes (-Xss)
#   Set larger code cache with -XX:ReservedCodeCacheSize=
#   JVM is running with Unscaled Compressed Oops mode in which the Java heap is
#     placed in the first 4GB address space. The Java Heap base address is the
#     maximum limit for the native heap growth. Please use -XX:HeapBaseMinAddress
#     to set the Java Heap base and to place the Java Heap above 4GB virtual address.
# This output file may be truncated or incomplete.
#
#  Out of Memory Error (allocation.cpp:44), pid=26556, tid=12580
#
# JRE version: OpenJDK Runtime Environment Temurin-21.0.9+10 (21.0.9+10) (build 21.0.9+10-LTS)
# Java VM: OpenJDK 64-Bit Server VM Temurin-21.0.9+10 (21.0.9+10-LTS, mixed mode, sharing, tiered, compressed oops, compressed class ptrs, parallel gc, windows-amd64)
# No core dump will be written. Minidumps are not enabled by default on client versions of Windows
#

---------------  S U M M A R Y ------------

Command Line: --add-modules=ALL-SYSTEM --add-opens=java.base/java.util=ALL-UNNAMED --add-opens=java.base/java.lang=ALL-UNNAMED --add-opens=java.base/sun.nio.fs=ALL-UNNAMED -Declipse.application=org.eclipse.jdt.ls.core.id1 -Dosgi.bundles.defaultStartLevel=4 -Declipse.product=org.eclipse.jdt.ls.core.product -Djava.import.generatesMetadataFilesAtProjectRoot=false -DDetectVMInstallationsJob.disabled=true -Dfile.encoding=utf8 -XX:+UseParallelGC -XX:GCTimeRatio=4 -XX:AdaptiveSizePolicyWeight=90 -Dsun.zip.disableMemoryMapping=true -Xmx2G -Xms100m -Xlog:disable -javaagent:c:\Users\Jay Datsur\.vscode\extensions\redhat.java-1.50.0-win32-x64\lombok\lombok-1.18.39-4050.jar -XX:+HeapDumpOnOutOfMemoryError -XX:HeapDumpPath=c:\Users\Jay Datsur\AppData\Roaming\Code\User\workspaceStorage\8599b61cce8a9574df02a173741c62ad\redhat.java -Daether.dependencyCollector.impl=bf c:\Users\Jay Datsur\.vscode\extensions\redhat.java-1.50.0-win32-x64\server\plugins\org.eclipse.equinox.launcher_1.7.100.v20251111-0406.jar -configuration c:\Users\Jay Datsur\AppData\Roaming\Code\User\globalStorage\redhat.java\1.50.0\config_win -data c:\Users\Jay Datsur\AppData\Roaming\Code\User\workspaceStorage\8599b61cce8a9574df02a173741c62ad\redhat.java\jdt_ws --pipe=\\.\pipe\lsp-0411a2fc770ce5cf51f5be7e16e058f5-sock

Host: 11th Gen Intel(R) Core(TM) i7-1165G7 @ 2.80GHz, 8 cores, 15G,  Windows 11 , 64 bit Build 22621 (10.0.22621.5415)
Time: Sun Nov 30 21:27:29 2025 Eastern Standard Time elapsed time: 214446.093236 seconds (2d 11h 34m 6s)

---------------  T H R E A D  ---------------

Current thread (0x0000026a65b32f30):  JavaThread "Attach Listener" daemon [_thread_in_vm, id=12580, stack(0x000000bfa5800000,0x000000bfa5900000) (1024K)]

Stack: [0x000000bfa5800000,0x000000bfa5900000]
Native frames: (J=compiled Java code, j=interpreted, Vv=VM code, C=native code)
V  [jvm.dll+0x6d6e29]
V  [jvm.dll+0x8b4b76]
V  [jvm.dll+0x8b712e]
V  [jvm.dll+0x8b7813]
V  [jvm.dll+0x283d86]
V  [jvm.dll+0xc1277]
V  [jvm.dll+0x6d76d9]
V  [jvm.dll+0x133466]
V  [jvm.dll+0x3f7ea6]
V  [jvm.dll+0x85e9ad]
V  [jvm.dll+0x6d565d]
C  [ucrtbase.dll+0x29333]
C  [KERNEL32.DLL+0x1259d]
C  [ntdll.dll+0x5af78]


---------------  P R O C E S S  ---------------

Threads class SMR info:
_java_thread_list=0x0000026a678ccb30, length=67, elements={
0x0000026a4e9dafc0, 0x0000026a4ea8e300, 0x0000026a65b2f210, 0x0000026a65b31be0,
0x0000026a65b32f30, 0x0000026a65b34790, 0x0000026a65b363f0, 0x0000026a65b39330,
0x0000026a67541f40, 0x0000026a676ad9c0, 0x0000026a678175f0, 0x0000026a6c3bb990,
0x0000026a6c689450, 0x0000026a6c839540, 0x0000026a6c83af80, 0x0000026a6c83a8f0,
0x0000026a6c838eb0, 0x0000026a6c839bd0, 0x0000026a6d4b0bb0, 0x0000026a6d4af170,
0x0000026a6d4b2c80, 0x0000026a6d4ad730, 0x0000026a6d4b0520, 0x0000026a6d4b18d0,
0x0000026a6d4b39a0, 0x0000026a6d4b1f60, 0x0000026a6d4b4030, 0x0000026a6d4ad0a0,
0x0000026a6d4addc0, 0x0000026a6d4b46c0, 0x0000026a6e61d9b0, 0x0000026a6e618460,
0x0000026a6fccd520, 0x0000026a7a3ca890, 0x0000026a7a3cb5b0, 0x0000026a7a3cc2d0,
0x0000026a6c4edde0, 0x0000026a6c4ef190, 0x0000026a6e61c600, 0x0000026a6e61b250,
0x0000026a6fcca0a0, 0x0000026a6fccce90, 0x0000026a6fcc8660, 0x0000026a6fccadc0,
0x0000026a6c4ec3a0, 0x0000026a6c4ea960, 0x0000026a6c4ee470, 0x0000026a6c4eaff0,
0x0000026a6c4ebd10, 0x0000026a6c4ea2d0, 0x0000026a6c4f0bd0, 0x0000026a6c4ef820,
0x0000026a6c4f0540, 0x0000026a7a3cbc40, 0x0000026a7a3c8130, 0x0000026a7a3c59d0,
0x0000026a7a3caf20, 0x0000026a7a3c66f0, 0x0000026a7a3c8e50, 0x0000026a7a3c9b70,
0x0000026a67544180, 0x0000026a67543460, 0x0000026a67545bc0, 0x0000026a67549040,
0x0000026a67549d60, 0x0000026a67546250, 0x0000026a6e619810
}

Java Threads: ( => current thread )
  0x0000026a4e9dafc0 JavaThread "main"                              [_thread_blocked, id=49824, stack(0x000000bfa5100000,0x000000bfa5200000) (1024K)]
  0x0000026a4ea8e300 JavaThread "Reference Handler"          daemon [_thread_blocked, id=55120, stack(0x000000bfa5500000,0x000000bfa5600000) (1024K)]
  0x0000026a65b2f210 JavaThread "Finalizer"                  daemon [_thread_blocked, id=27440, stack(0x000000bfa5600000,0x000000bfa5700000) (1024K)]
  0x0000026a65b31be0 JavaThread "Signal Dispatcher"          daemon [_thread_blocked, id=46996, stack(0x000000bfa5700000,0x000000bfa5800000) (1024K)]
=>0x0000026a65b32f30 JavaThread "Attach Listener"            daemon [_thread_in_vm, id=12580, stack(0x000000bfa5800000,0x000000bfa5900000) (1024K)]
  0x0000026a65b34790 JavaThread "Service Thread"             daemon [_thread_blocked, id=38496, stack(0x000000bfa5900000,0x000000bfa5a00000) (1024K)]
  0x0000026a65b363f0 JavaThread "Monitor Deflation Thread"   daemon [_thread_blocked, id=52944, stack(0x000000bfa5a00000,0x000000bfa5b00000) (1024K)]
  0x0000026a65b39330 JavaThread "C2 CompilerThread0"         daemon [_thread_blocked, id=55672, stack(0x000000bfa5b00000,0x000000bfa5c00000) (1024K)]
  0x0000026a67541f40 JavaThread "C1 CompilerThread0"         daemon [_thread_blocked, id=38204, stack(0x000000bfa5c00000,0x000000bfa5d00000) (1024K)]
  0x0000026a676ad9c0 JavaThread "Common-Cleaner"             daemon [_thread_blocked, id=48456, stack(0x000000bfa5d00000,0x000000bfa5e00000) (1024K)]
  0x0000026a678175f0 JavaThread "Notification Thread"        daemon [_thread_blocked, id=5056, stack(0x000000bfa5e00000,0x000000bfa5f00000) (1024K)]
  0x0000026a6c3bb990 JavaThread "Active Thread: Equinox Container: 3dc61419-bbbd-4194-bd1c-67c8b394e1f5"        [_thread_blocked, id=47340, stack(0x000000bfa6b00000,0x000000bfa6c00000) (1024K)]
  0x0000026a6c689450 JavaThread "Framework Event Dispatcher: Equinox Container: 3dc61419-bbbd-4194-bd1c-67c8b394e1f5" daemon [_thread_blocked, id=53732, stack(0x000000bfa6c00000,0x000000bfa6d00000) (1024K)]
  0x0000026a6c839540 JavaThread "Start Level: Equinox Container: 3dc61419-bbbd-4194-bd1c-67c8b394e1f5" daemon [_thread_blocked, id=55564, stack(0x000000bfa6d00000,0x000000bfa6e00000) (1024K)]
  0x0000026a6c83af80 JavaThread "Refresh Thread: Equinox Container: 3dc61419-bbbd-4194-bd1c-67c8b394e1f5" daemon [_thread_blocked, id=56708, stack(0x000000bfa7000000,0x000000bfa7100000) (1024K)]
  0x0000026a6c83a8f0 JavaThread "Bundle File Closer"         daemon [_thread_blocked, id=52804, stack(0x000000bfa7400000,0x000000bfa7500000) (1024K)]
  0x0000026a6c838eb0 JavaThread "SCR Component Actor"        daemon [_thread_blocked, id=27496, stack(0x000000bfa6f00000,0x000000bfa7000000) (1024K)]
  0x0000026a6c839bd0 JavaThread "Worker-JM"                         [_thread_blocked, id=24048, stack(0x000000bfa7500000,0x000000bfa7600000) (1024K)]
  0x0000026a6d4b0bb0 JavaThread "JNA Cleaner"                daemon [_thread_blocked, id=44104, stack(0x000000bfa7600000,0x000000bfa7700000) (1024K)]
  0x0000026a6d4af170 JavaThread "Java indexing"              daemon [_thread_blocked, id=48604, stack(0x000000bfa7900000,0x000000bfa7a00000) (1024K)]
  0x0000026a6d4b2c80 JavaThread "Thread-1"                   daemon [_thread_in_native, id=28052, stack(0x000000bfa7f00000,0x000000bfa8000000) (1024K)]
  0x0000026a6d4ad730 JavaThread "Thread-2"                   daemon [_thread_in_native, id=48264, stack(0x000000bfa8000000,0x000000bfa8100000) (1024K)]
  0x0000026a6d4b0520 JavaThread "Thread-3"                   daemon [_thread_in_native, id=49160, stack(0x000000bfa8100000,0x000000bfa8200000) (1024K)]
  0x0000026a6d4b18d0 JavaThread "Thread-4"                   daemon [_thread_in_native, id=54024, stack(0x000000bfa8200000,0x000000bfa8300000) (1024K)]
  0x0000026a6d4b39a0 JavaThread "Thread-5"                   daemon [_thread_in_native, id=50208, stack(0x000000bfa8300000,0x000000bfa8400000) (1024K)]
  0x0000026a6d4b1f60 JavaThread "Thread-6"                   daemon [_thread_in_native, id=34668, stack(0x000000bfa8400000,0x000000bfa8500000) (1024K)]
  0x0000026a6d4b4030 JavaThread "Thread-7"                   daemon [_thread_in_native, id=50532, stack(0x000000bfa8500000,0x000000bfa8600000) (1024K)]
  0x0000026a6d4ad0a0 JavaThread "Thread-8"                   daemon [_thread_in_native, id=36560, stack(0x000000bfa8600000,0x000000bfa8700000) (1024K)]
  0x0000026a6d4addc0 JavaThread "Thread-9"                   daemon [_thread_in_native, id=44364, stack(0x000000bfa8700000,0x000000bfa8800000) (1024K)]
  0x0000026a6d4b46c0 JavaThread "pool-2-thread-1"                   [_thread_blocked, id=27556, stack(0x000000bfa8800000,0x000000bfa8900000) (1024K)]
  0x0000026a6e61d9b0 JavaThread "WorkspaceEventsHandler"            [_thread_blocked, id=51104, stack(0x000000bfa8900000,0x000000bfa8a00000) (1024K)]
  0x0000026a6e618460 JavaThread "pool-1-thread-1"                   [_thread_blocked, id=3896, stack(0x000000bfa8a00000,0x000000bfa8b00000) (1024K)]
  0x0000026a6fccd520 JavaThread "Cleaner-0"                  daemon [_thread_blocked, id=50496, stack(0x000000bfa5000000,0x000000bfa5100000) (1024K)]
  0x0000026a7a3ca890 JavaThread "Java Debug Server"          daemon [_thread_in_native, id=51220, stack(0x000000bfa6900000,0x000000bfa6a00000) (1024K)]
  0x0000026a7a3cb5b0 JavaThread "RxSchedulerPurge-1"         daemon [_thread_blocked, id=37024, stack(0x000000bfa7100000,0x000000bfa7200000) (1024K)]
  0x0000026a7a3cc2d0 JavaThread "RxCachedWorkerPoolEvictor-1" daemon [_thread_blocked, id=24504, stack(0x000000bfa7200000,0x000000bfa7300000) (1024K)]
  0x0000026a6c4edde0 JavaThread "Worker-83"                         [_thread_blocked, id=34900, stack(0x000000bfa4f00000,0x000000bfa5000000) (1024K)]
  0x0000026a6c4ef190 JavaThread "ForkJoinPool.commonPool-worker-220" daemon [_thread_blocked, id=11168, stack(0x000000bfa7800000,0x000000bfa7900000) (1024K)]
  0x0000026a6e61c600 JavaThread "ForkJoinPool.commonPool-worker-222" daemon [_thread_blocked, id=51056, stack(0x000000bfa6500000,0x000000bfa6600000) (1024K)]
  0x0000026a6e61b250 JavaThread "ForkJoinPool.commonPool-worker-225" daemon [_thread_blocked, id=27408, stack(0x000000bfa7300000,0x000000bfa7400000) (1024K)]
  0x0000026a6fcca0a0 JavaThread "ForkJoinPool.commonPool-worker-226" daemon [_thread_blocked, id=54644, stack(0x000000bfa6a00000,0x000000bfa6b00000) (1024K)]
  0x0000026a6fccce90 JavaThread "ForkJoinPool.commonPool-worker-227" daemon [_thread_blocked, id=15132, stack(0x000000bfa7a00000,0x000000bfa7b00000) (1024K)]
  0x0000026a6fcc8660 JavaThread "ForkJoinPool.commonPool-worker-229" daemon [_thread_blocked, id=29036, stack(0x000000bfa7d00000,0x000000bfa7e00000) (1024K)]
  0x0000026a6fccadc0 JavaThread "Worker-91"                         [_thread_blocked, id=54956, stack(0x000000bfa6700000,0x000000bfa6800000) (1024K)]
  0x0000026a6c4ec3a0 JavaThread "Compiler Source File Reader" daemon [_thread_blocked, id=6844, stack(0x000000bfa6600000,0x000000bfa6700000) (1024K)]
  0x0000026a6c4ea960 JavaThread "process reaper (pid 28976)" daemon [_thread_in_native, id=44964, stack(0x000000bfa4b20000,0x000000bfa4b40000) (128K)]
  0x0000026a6c4ee470 JavaThread "ForkJoinPool.commonPool-worker-230" daemon [_thread_blocked, id=56548, stack(0x000000bfa6800000,0x000000bfa6900000) (1024K)]
  0x0000026a6c4eaff0 JavaThread "Compiler Source File Reader" daemon [_thread_blocked, id=42788, stack(0x000000bfa7700000,0x000000bfa7800000) (1024K)]
  0x0000026a6c4ebd10 JavaThread "pool-5-thread-36"                  [_thread_in_native, id=22856, stack(0x000000bfa7c00000,0x000000bfa7d00000) (1024K)]
  0x0000026a6c4ea2d0 JavaThread "Worker-95"                         [_thread_blocked, id=53228, stack(0x000000bfa8d00000,0x000000bfa8e00000) (1024K)]
  0x0000026a6c4f0bd0 JavaThread "LocalFile Deleter"          daemon [_thread_blocked, id=53192, stack(0x000000bfa8e00000,0x000000bfa8f00000) (1024K)]
  0x0000026a6c4ef820 JavaThread "LocalFile Deleter"          daemon [_thread_blocked, id=44048, stack(0x000000bfa8f00000,0x000000bfa9000000) (1024K)]
  0x0000026a6c4f0540 JavaThread "LocalFile Deleter"          daemon [_thread_blocked, id=35912, stack(0x000000bfa9000000,0x000000bfa9100000) (1024K)]
  0x0000026a7a3cbc40 JavaThread "LocalFile Deleter"          daemon [_thread_blocked, id=51992, stack(0x000000bfa9100000,0x000000bfa9200000) (1024K)]
  0x0000026a7a3c8130 JavaThread "LocalFile Deleter"          daemon [_thread_blocked, id=27172, stack(0x000000bfa9300000,0x000000bfa9400000) (1024K)]
  0x0000026a7a3c59d0 JavaThread "LocalFile Deleter"          daemon [_thread_blocked, id=11940, stack(0x000000bfa9400000,0x000000bfa9500000) (1024K)]
  0x0000026a7a3caf20 JavaThread "Compiler Source File Reader" daemon [_thread_blocked, id=43168, stack(0x000000bfa9600000,0x000000bfa9700000) (1024K)]
  0x0000026a7a3c66f0 JavaThread "Compiler Source File Reader" daemon [_thread_blocked, id=9036, stack(0x000000bfa9700000,0x000000bfa9800000) (1024K)]
  0x0000026a7a3c8e50 JavaThread "Compiler Source File Reader" daemon [_thread_blocked, id=20192, stack(0x000000bfa9800000,0x000000bfa9900000) (1024K)]
  0x0000026a7a3c9b70 JavaThread "Compiler Source File Reader" daemon [_thread_blocked, id=45296, stack(0x000000bfa9900000,0x000000bfa9a00000) (1024K)]
  0x0000026a67544180 JavaThread "Compiler Class File Writer" daemon [_thread_blocked, id=30716, stack(0x000000bfa9b00000,0x000000bfa9c00000) (1024K)]
  0x0000026a67543460 JavaThread "Compiler Class File Writer" daemon [_thread_blocked, id=40560, stack(0x000000bfa9c00000,0x000000bfa9d00000) (1024K)]
  0x0000026a67545bc0 JavaThread "Compiler Class File Writer" daemon [_thread_blocked, id=22884, stack(0x000000bfa9d00000,0x000000bfa9e00000) (1024K)]
  0x0000026a67549040 JavaThread "Compiler Class File Writer" daemon [_thread_blocked, id=28272, stack(0x000000bfa9e00000,0x000000bfa9f00000) (1024K)]
  0x0000026a67549d60 JavaThread "Compiler Class File Writer" daemon [_thread_blocked, id=45764, stack(0x000000bfa9f00000,0x000000bfaa000000) (1024K)]
  0x0000026a67546250 JavaThread "Compiler Class File Writer" daemon [_thread_blocked, id=46244, stack(0x000000bfaa000000,0x000000bfaa100000) (1024K)]
  0x0000026a6e619810 JavaThread "RxNewThreadScheduler-87"    daemon [_thread_blocked, id=41284, stack(0x000000bfa4e00000,0x000000bfa4f00000) (1024K)]
Total: 67

Other Threads:
  0x0000026a4ea7aab0 VMThread "VM Thread"                           [id=12972, stack(0x000000bfa5400000,0x000000bfa5500000) (1024K)]
  0x0000026a4ea48af0 WatcherThread "VM Periodic Task Thread"        [id=46164, stack(0x000000bfa5300000,0x000000bfa5400000) (1024K)]
  0x0000026a4e9f8580 WorkerThread "GC Thread#0"                     [id=56600, stack(0x000000bfa5200000,0x000000bfa5300000) (1024K)]
  0x0000026a6c896970 WorkerThread "GC Thread#1"                     [id=38340, stack(0x000000bfa5f00000,0x000000bfa6000000) (1024K)]
  0x0000026a6c896d10 WorkerThread "GC Thread#2"                     [id=11020, stack(0x000000bfa6000000,0x000000bfa6100000) (1024K)]
  0x0000026a6c8970b0 WorkerThread "GC Thread#3"                     [id=56872, stack(0x000000bfa6100000,0x000000bfa6200000) (1024K)]
  0x0000026a6c897450 WorkerThread "GC Thread#4"                     [id=24216, stack(0x000000bfa6200000,0x000000bfa6300000) (1024K)]
  0x0000026a6c8977f0 WorkerThread "GC Thread#5"                     [id=52660, stack(0x000000bfa6300000,0x000000bfa6400000) (1024K)]
  0x0000026a6c897b90 WorkerThread "GC Thread#6"                     [id=57032, stack(0x000000bfa6400000,0x000000bfa6500000) (1024K)]
  0x0000026a6c882dd0 WorkerThread "GC Thread#7"                     [id=32424, stack(0x000000bfa6e00000,0x000000bfa6f00000) (1024K)]
Total: 10

Threads with active compile tasks:
Total: 0

VM state: not at safepoint (normal execution)

VM Mutex/Monitor currently owned by a thread: None

Heap address: 0x0000000080000000, size: 2048 MB, Compressed Oops mode: 32-bit

CDS archive(s) mapped at: [0x0000026a00000000-0x0000026a00ba0000-0x0000026a00ba0000), size 12189696, SharedBaseAddress: 0x0000026a00000000, ArchiveRelocationMode: 1.
Compressed class space mapped at: 0x0000026a01000000-0x0000026a41000000, reserved size: 1073741824
Narrow klass base: 0x0000026a00000000, Narrow klass shift: 0, Narrow klass range: 0x100000000

GC Precious Log:
 CardTable entry size: 512
 CPUs: 8 total, 8 available
 Memory: 16103M
 Large Page Support: Disabled
 NUMA Support: Disabled
 Compressed Oops: Enabled (32-bit)
 Alignments: Space 512K, Generation 512K, Heap 2M
 Heap Min Capacity: 100M
 Heap Initial Capacity: 100M
 Heap Max Capacity: 2G
 Pre-touch: Disabled
 Parallel Workers: 8

Heap:
 PSYoungGen      total 12800K, used 3870K [0x00000000d5580000, 0x00000000d6380000, 0x0000000100000000)
  eden space 11776K, 27% used [0x00000000d5580000,0x00000000d58aa400,0x00000000d6100000)
  from space 1024K, 61% used [0x00000000d6200000,0x00000000d629d6b0,0x00000000d6300000)
  to   space 512K, 0% used [0x00000000d6300000,0x00000000d6300000,0x00000000d6380000)
 ParOldGen       total 1294336K, used 1293909K [0x0000000080000000, 0x00000000cf000000, 0x00000000d5580000)
  object space 1294336K, 99% used [0x0000000080000000,0x00000000cef95738,0x00000000cf000000)
 Metaspace       used 110251K, committed 112192K, reserved 1179648K
  class space    used 10847K, committed 11712K, reserved 1048576K

Card table byte_map: [0x0000026a60ea0000,0x0000026a612b0000] _byte_map_base: 0x0000026a60aa0000

Marking Bits: (ParMarkBitMap*) 0x00007ff9b26e2460
 Begin Bits: [0x0000026a61560000, 0x0000026a63560000)
 End Bits:   [0x0000026a63560000, 0x0000026a65560000)

Polling page: 0x0000026a4ced0000

Metaspace:

Usage:
  Non-class:     97.07 MB used.
      Class:     10.59 MB used.
       Both:    107.67 MB used.

Virtual space:
  Non-class space:      128.00 MB reserved,      98.12 MB ( 77%) committed,  2 nodes.
      Class space:        1.00 GB reserved,      11.44 MB (  1%) committed,  1 nodes.
             Both:        1.12 GB reserved,     109.56 MB ( 10%) committed. 

Chunk freelists:
   Non-Class:  13.55 MB
       Class:  4.52 MB
        Both:  18.07 MB

MaxMetaspaceSize: unlimited
CompressedClassSpaceSize: 1.00 GB
Initial GC threshold: 21.00 MB
Current GC threshold: 179.69 MB
CDS: on
 - commit_granule_bytes: 65536.
 - commit_granule_words: 8192.
 - virtual_space_node_default_size: 8388608.
 - enlarge_chunks_in_place: 1.
 - use_allocation_guard: 0.


Internal statistics:

num_allocs_failed_limit: 9.
num_arena_births: 2872.
num_arena_deaths: 980.
num_vsnodes_births: 3.
num_vsnodes_deaths: 0.
num_space_committed: 1759.
num_space_uncommitted: 5.
num_chunks_returned_to_freelist: 1296.
num_chunks_taken_from_freelist: 9000.
num_chunk_merges: 345.
num_chunk_splits: 4915.
num_chunks_enlarged: 2606.
num_inconsistent_stats: 0.

CodeHeap 'non-profiled nmethods': size=120000Kb used=35089Kb max_used=37934Kb free=84911Kb
 bounds [0x0000026a59790000, 0x0000026a5bca0000, 0x0000026a60cc0000]
CodeHeap 'profiled nmethods': size=120000Kb used=42345Kb max_used=54480Kb free=77654Kb
 bounds [0x0000026a51cc0000, 0x0000026a55200000, 0x0000026a591f0000]
CodeHeap 'non-nmethods': size=5760Kb used=1591Kb max_used=1676Kb free=4168Kb
 bounds [0x0000026a591f0000, 0x0000026a59460000, 0x0000026a59790000]
CodeCache: size=245760Kb, used=79025Kb, max_used=94090Kb, free=166733Kb
 total_blobs=21184, nmethods=20269, adapters=813, full_count=0
Compilation: enabled, stopped_count=0, restarted_count=0

Compilation events (20 events):
Event: 214394.171 Thread 0x0000026a67541f40 43226   !   3       com.sun.org.apache.xerces.internal.impl.XMLDocumentScannerImpl$PrologDriver::next (1183 bytes)
Event: 214394.171 Thread 0x0000026a65b39330 43227       4       com.sun.org.apache.xerces.internal.dom.AttrImpl::getNodeName (16 bytes)
Event: 214394.172 Thread 0x0000026a65b39330 nmethod 43227 0x0000026a5a927610 code [0x0000026a5a9277a0, 0x0000026a5a927890]
Event: 214394.174 Thread 0x0000026a67541f40 nmethod 43226 0x0000026a537df790 code [0x0000026a537dfe00, 0x0000026a537e31b8]
Event: 214394.316 Thread 0x0000026a65b39330 43228       4       org.eclipse.sisu.inject.MildElements::evict (68 bytes)
Event: 214394.319 Thread 0x0000026a65b39330 nmethod 43228 0x0000026a5aae2a10 code [0x0000026a5aae2be0, 0x0000026a5aae2f70]
Event: 214394.362 Thread 0x0000026a65b39330 43229       4       org.eclipse.m2e.core.internal.project.registry.MavenProjectCache::getContextProjectMap (51 bytes)
Event: 214394.371 Thread 0x0000026a65b39330 nmethod 43229 0x0000026a5b888790 code [0x0000026a5b888a00, 0x0000026a5b8893a0]
Event: 214394.385 Thread 0x0000026a65b39330 43230       4       java.io.Reader::<init> (27 bytes)
Event: 214394.386 Thread 0x0000026a65b39330 nmethod 43230 0x0000026a5ab07690 code [0x0000026a5ab07820, 0x0000026a5ab078e0]
Event: 214394.389 Thread 0x0000026a65b39330 43231       4       java.util.Formatter$Flags::contains (13 bytes)
Event: 214394.389 Thread 0x0000026a65b39330 nmethod 43231 0x0000026a5ab07390 code [0x0000026a5ab07500, 0x0000026a5ab07578]
Event: 214416.080 Thread 0x0000026a67541f40 43232       3       org.eclipse.core.internal.resources.ResourceInfo::writeTo (41 bytes)
Event: 214416.080 Thread 0x0000026a67541f40 nmethod 43232 0x0000026a54a1e710 code [0x0000026a54a1e900, 0x0000026a54a1ee40]
Event: 214416.084 Thread 0x0000026a65b39330 43233       4       org.eclipse.core.internal.localstore.SafeChunkyOutputStream::write (22 bytes)
Event: 214416.084 Thread 0x0000026a67541f40 43234       1       org.eclipse.core.internal.resources.MarkerInfo::getCreationTime (5 bytes)
Event: 214416.085 Thread 0x0000026a67541f40 nmethod 43234 0x0000026a5ab06f90 code [0x0000026a5ab07120, 0x0000026a5ab071e8]
Event: 214416.087 Thread 0x0000026a67541f40 43235   !   3       org.eclipse.core.internal.localstore.SafeChunkyOutputStream::close (58 bytes)
Event: 214416.088 Thread 0x0000026a67541f40 nmethod 43235 0x0000026a54a1dc10 code [0x0000026a54a1de20, 0x0000026a54a1e438]
Event: 214416.093 Thread 0x0000026a65b39330 nmethod 43233 0x0000026a5a5d8090 code [0x0000026a5a5d8320, 0x0000026a5a5d8cb8]

GC Heap History (20 events):
Event: 214342.123 GC heap before
{Heap before GC invocations=18306 (full 15):
 PSYoungGen      total 15872K, used 15817K [0x00000000d5580000, 0x00000000d6980000, 0x0000000100000000)
  eden space 14336K, 99% used [0x00000000d5580000,0x00000000d637fff0,0x00000000d6380000)
  from space 1536K, 96% used [0x00000000d6380000,0x00000000d64f24f8,0x00000000d6500000)
  to   space 3072K, 0% used [0x00000000d6680000,0x00000000d6680000,0x00000000d6980000)
 ParOldGen       total 1286656K, used 1286451K [0x0000000080000000, 0x00000000ce880000, 0x00000000d5580000)
  object space 1286656K, 99% used [0x0000000080000000,0x00000000ce84ce30,0x00000000ce880000)
 Metaspace       used 110208K, committed 112064K, reserved 1179648K
  class space    used 10843K, committed 11712K, reserved 1048576K
}
Event: 214342.127 GC heap after
{Heap after GC invocations=18306 (full 15):
 PSYoungGen      total 16896K, used 2075K [0x00000000d5580000, 0x00000000d6900000, 0x0000000100000000)
  eden space 14336K, 0% used [0x00000000d5580000,0x00000000d5580000,0x00000000d6380000)
  from space 2560K, 81% used [0x00000000d6680000,0x00000000d6886d58,0x00000000d6900000)
  to   space 2560K, 0% used [0x00000000d6400000,0x00000000d6400000,0x00000000d6680000)
 ParOldGen       total 1287680K, used 1287614K [0x0000000080000000, 0x00000000ce980000, 0x00000000d5580000)
  object space 1287680K, 99% used [0x0000000080000000,0x00000000ce96fb78,0x00000000ce980000)
 Metaspace       used 110208K, committed 112064K, reserved 1179648K
  class space    used 10843K, committed 11712K, reserved 1048576K
}
Event: 214342.428 GC heap before
{Heap before GC invocations=18307 (full 15):
 PSYoungGen      total 16896K, used 16411K [0x00000000d5580000, 0x00000000d6900000, 0x0000000100000000)
  eden space 14336K, 100% used [0x00000000d5580000,0x00000000d6380000,0x00000000d6380000)
  from space 2560K, 81% used [0x00000000d6680000,0x00000000d6886d58,0x00000000d6900000)
  to   space 2560K, 0% used [0x00000000d6400000,0x00000000d6400000,0x00000000d6680000)
 ParOldGen       total 1287680K, used 1287614K [0x0000000080000000, 0x00000000ce980000, 0x00000000d5580000)
  object space 1287680K, 99% used [0x0000000080000000,0x00000000ce96fb78,0x00000000ce980000)
 Metaspace       used 110208K, committed 112064K, reserved 1179648K
  class space    used 10843K, committed 11712K, reserved 1048576K
}
Event: 214342.431 GC heap after
{Heap after GC invocations=18307 (full 15):
 PSYoungGen      total 14848K, used 299K [0x00000000d5580000, 0x00000000d6700000, 0x0000000100000000)
  eden space 14336K, 0% used [0x00000000d5580000,0x00000000d5580000,0x00000000d6380000)
  from space 512K, 58% used [0x00000000d6400000,0x00000000d644ad08,0x00000000d6480000)
  to   space 1024K, 0% used [0x00000000d6600000,0x00000000d6600000,0x00000000d6700000)
 ParOldGen       total 1288192K, used 1287710K [0x0000000080000000, 0x00000000cea00000, 0x00000000d5580000)
  object space 1288192K, 99% used [0x0000000080000000,0x00000000ce987b98,0x00000000cea00000)
 Metaspace       used 110208K, committed 112064K, reserved 1179648K
  class space    used 10843K, committed 11712K, reserved 1048576K
}
Event: 214367.920 GC heap before
{Heap before GC invocations=18308 (full 15):
 PSYoungGen      total 14848K, used 14635K [0x00000000d5580000, 0x00000000d6700000, 0x0000000100000000)
  eden space 14336K, 100% used [0x00000000d5580000,0x00000000d6380000,0x00000000d6380000)
  from space 512K, 58% used [0x00000000d6400000,0x00000000d644ad08,0x00000000d6480000)
  to   space 1024K, 0% used [0x00000000d6600000,0x00000000d6600000,0x00000000d6700000)
 ParOldGen       total 1288192K, used 1287710K [0x0000000080000000, 0x00000000cea00000, 0x00000000d5580000)
  object space 1288192K, 99% used [0x0000000080000000,0x00000000ce987b98,0x00000000cea00000)
 Metaspace       used 110235K, committed 112128K, reserved 1179648K
  class space    used 10847K, committed 11712K, reserved 1048576K
}
Event: 214367.924 GC heap after
{Heap after GC invocations=18308 (full 15):
 PSYoungGen      total 14848K, used 288K [0x00000000d5580000, 0x00000000d6680000, 0x0000000100000000)
  eden space 14336K, 0% used [0x00000000d5580000,0x00000000d5580000,0x00000000d6380000)
  from space 512K, 56% used [0x00000000d6600000,0x00000000d6648020,0x00000000d6680000)
  to   space 512K, 0% used [0x00000000d6400000,0x00000000d6400000,0x00000000d6480000)
 ParOldGen       total 1288192K, used 1287758K [0x0000000080000000, 0x00000000cea00000, 0x00000000d5580000)
  object space 1288192K, 99% used [0x0000000080000000,0x00000000ce993b98,0x00000000cea00000)
 Metaspace       used 110235K, committed 112128K, reserved 1179648K
  class space    used 10847K, committed 11712K, reserved 1048576K
}
Event: 214384.090 GC heap before
{Heap before GC invocations=18309 (full 15):
 PSYoungGen      total 14848K, used 14624K [0x00000000d5580000, 0x00000000d6680000, 0x0000000100000000)
  eden space 14336K, 100% used [0x00000000d5580000,0x00000000d6380000,0x00000000d6380000)
  from space 512K, 56% used [0x00000000d6600000,0x00000000d6648020,0x00000000d6680000)
  to   space 512K, 0% used [0x00000000d6400000,0x00000000d6400000,0x00000000d6480000)
 ParOldGen       total 1288192K, used 1287758K [0x0000000080000000, 0x00000000cea00000, 0x00000000d5580000)
  object space 1288192K, 99% used [0x0000000080000000,0x00000000ce993b98,0x00000000cea00000)
 Metaspace       used 110235K, committed 112128K, reserved 1179648K
  class space    used 10847K, committed 11712K, reserved 1048576K
}
Event: 214384.094 GC heap after
{Heap after GC invocations=18309 (full 15):
 PSYoungGen      total 14848K, used 491K [0x00000000d5580000, 0x00000000d6680000, 0x0000000100000000)
  eden space 14336K, 0% used [0x00000000d5580000,0x00000000d5580000,0x00000000d6380000)
  from space 512K, 95% used [0x00000000d6400000,0x00000000d647ad08,0x00000000d6480000)
  to   space 1536K, 0% used [0x00000000d6500000,0x00000000d6500000,0x00000000d6680000)
 ParOldGen       total 1288704K, used 1288354K [0x0000000080000000, 0x00000000cea80000, 0x00000000d5580000)
  object space 1288704K, 99% used [0x0000000080000000,0x00000000cea288d0,0x00000000cea80000)
 Metaspace       used 110235K, committed 112128K, reserved 1179648K
  class space    used 10847K, committed 11712K, reserved 1048576K
}
Event: 214384.125 GC heap before
{Heap before GC invocations=18310 (full 15):
 PSYoungGen      total 14848K, used 14827K [0x00000000d5580000, 0x00000000d6680000, 0x0000000100000000)
  eden space 14336K, 100% used [0x00000000d5580000,0x00000000d6380000,0x00000000d6380000)
  from space 512K, 95% used [0x00000000d6400000,0x00000000d647ad08,0x00000000d6480000)
  to   space 1536K, 0% used [0x00000000d6500000,0x00000000d6500000,0x00000000d6680000)
 ParOldGen       total 1288704K, used 1288354K [0x0000000080000000, 0x00000000cea80000, 0x00000000d5580000)
  object space 1288704K, 99% used [0x0000000080000000,0x00000000cea288d0,0x00000000cea80000)
 Metaspace       used 110235K, committed 112128K, reserved 1179648K
  class space    used 10847K, committed 11712K, reserved 1048576K
}
Event: 214384.129 GC heap after
{Heap after GC invocations=18310 (full 15):
 PSYoungGen      total 13312K, used 1506K [0x00000000d5580000, 0x00000000d6b80000, 0x0000000100000000)
  eden space 11776K, 0% used [0x00000000d5580000,0x00000000d5580000,0x00000000d6100000)
  from space 1536K, 98% used [0x00000000d6500000,0x00000000d6678ad8,0x00000000d6680000)
  to   space 4096K, 0% used [0x00000000d6100000,0x00000000d6100000,0x00000000d6500000)
 ParOldGen       total 1290240K, used 1290191K [0x0000000080000000, 0x00000000cec00000, 0x00000000d5580000)
  object space 1290240K, 99% used [0x0000000080000000,0x00000000cebf3ef8,0x00000000cec00000)
 Metaspace       used 110235K, committed 112128K, reserved 1179648K
  class space    used 10847K, committed 11712K, reserved 1048576K
}
Event: 214384.174 GC heap before
{Heap before GC invocations=18311 (full 15):
 PSYoungGen      total 13312K, used 13282K [0x00000000d5580000, 0x00000000d6b80000, 0x0000000100000000)
  eden space 11776K, 100% used [0x00000000d5580000,0x00000000d6100000,0x00000000d6100000)
  from space 1536K, 98% used [0x00000000d6500000,0x00000000d6678ad8,0x00000000d6680000)
  to   space 4096K, 0% used [0x00000000d6100000,0x00000000d6100000,0x00000000d6500000)
 ParOldGen       total 1290240K, used 1290191K [0x0000000080000000, 0x00000000cec00000, 0x00000000d5580000)
  object space 1290240K, 99% used [0x0000000080000000,0x00000000cebf3ef8,0x00000000cec00000)
 Metaspace       used 110235K, committed 112128K, reserved 1179648K
  class space    used 10847K, committed 11712K, reserved 1048576K
}
Event: 214384.178 GC heap after
{Heap after GC invocations=18311 (full 15):
 PSYoungGen      total 13312K, used 1107K [0x00000000d5580000, 0x00000000d6580000, 0x0000000100000000)
  eden space 11776K, 0% used [0x00000000d5580000,0x00000000d5580000,0x00000000d6100000)
  from space 1536K, 72% used [0x00000000d6100000,0x00000000d6214ed0,0x00000000d6280000)
  to   space 2048K, 0% used [0x00000000d6380000,0x00000000d6380000,0x00000000d6580000)
 ParOldGen       total 1291776K, used 1291705K [0x0000000080000000, 0x00000000ced80000, 0x00000000d5580000)
  object space 1291776K, 99% used [0x0000000080000000,0x00000000ced6e540,0x00000000ced80000)
 Metaspace       used 110235K, committed 112128K, reserved 1179648K
  class space    used 10847K, committed 11712K, reserved 1048576K
}
Event: 214384.195 GC heap before
{Heap before GC invocations=18312 (full 15):
 PSYoungGen      total 13312K, used 11516K [0x00000000d5580000, 0x00000000d6580000, 0x0000000100000000)
  eden space 11776K, 88% used [0x00000000d5580000,0x00000000d5faa400,0x00000000d6100000)
  from space 1536K, 72% used [0x00000000d6100000,0x00000000d6214ed0,0x00000000d6280000)
  to   space 2048K, 0% used [0x00000000d6380000,0x00000000d6380000,0x00000000d6580000)
 ParOldGen       total 1291776K, used 1291705K [0x0000000080000000, 0x00000000ced80000, 0x00000000d5580000)
  object space 1291776K, 99% used [0x0000000080000000,0x00000000ced6e540,0x00000000ced80000)
 Metaspace       used 110235K, committed 112128K, reserved 1179648K
  class space    used 10847K, committed 11712K, reserved 1048576K
}
Event: 214384.199 GC heap after
{Heap after GC invocations=18312 (full 15):
 PSYoungGen      total 12288K, used 320K [0x00000000d5580000, 0x00000000d6400000, 0x0000000100000000)
  eden space 11776K, 0% used [0x00000000d5580000,0x00000000d5580000,0x00000000d6100000)
  from space 512K, 62% used [0x00000000d6380000,0x00000000d63d0000,0x00000000d6400000)
  to   space 1024K, 0% used [0x00000000d6200000,0x00000000d6200000,0x00000000d6300000)
 ParOldGen       total 1292800K, used 1292711K [0x0000000080000000, 0x00000000cee80000, 0x00000000d5580000)
  object space 1292800K, 99% used [0x0000000080000000,0x00000000cee69de0,0x00000000cee80000)
 Metaspace       used 110235K, committed 112128K, reserved 1179648K
  class space    used 10847K, committed 11712K, reserved 1048576K
}
Event: 214384.219 GC heap before
{Heap before GC invocations=18313 (full 15):
 PSYoungGen      total 12288K, used 12096K [0x00000000d5580000, 0x00000000d6400000, 0x0000000100000000)
  eden space 11776K, 100% used [0x00000000d5580000,0x00000000d6100000,0x00000000d6100000)
  from space 512K, 62% used [0x00000000d6380000,0x00000000d63d0000,0x00000000d6400000)
  to   space 1024K, 0% used [0x00000000d6200000,0x00000000d6200000,0x00000000d6300000)
 ParOldGen       total 1292800K, used 1292711K [0x0000000080000000, 0x00000000cee80000, 0x00000000d5580000)
  object space 1292800K, 99% used [0x0000000080000000,0x00000000cee69de0,0x00000000cee80000)
 Metaspace       used 110235K, committed 112128K, reserved 1179648K
  class space    used 10847K, committed 11712K, reserved 1048576K
}
Event: 214384.222 GC heap after
{Heap after GC invocations=18313 (full 15):
 PSYoungGen      total 12800K, used 672K [0x00000000d5580000, 0x00000000d6400000, 0x0000000100000000)
  eden space 11776K, 0% used [0x00000000d5580000,0x00000000d5580000,0x00000000d6100000)
  from space 1024K, 65% used [0x00000000d6200000,0x00000000d62a8000,0x00000000d6300000)
  to   space 1024K, 0% used [0x00000000d6300000,0x00000000d6300000,0x00000000d6400000)
 ParOldGen       total 1293312K, used 1292919K [0x0000000080000000, 0x00000000cef00000, 0x00000000d5580000)
  object space 1293312K, 99% used [0x0000000080000000,0x00000000cee9dde0,0x00000000cef00000)
 Metaspace       used 110235K, committed 112128K, reserved 1179648K
  class space    used 10847K, committed 11712K, reserved 1048576K
}
Event: 214393.102 GC heap before
{Heap before GC invocations=18314 (full 15):
 PSYoungGen      total 12800K, used 12448K [0x00000000d5580000, 0x00000000d6400000, 0x0000000100000000)
  eden space 11776K, 100% used [0x00000000d5580000,0x00000000d6100000,0x00000000d6100000)
  from space 1024K, 65% used [0x00000000d6200000,0x00000000d62a8000,0x00000000d6300000)
  to   space 1024K, 0% used [0x00000000d6300000,0x00000000d6300000,0x00000000d6400000)
 ParOldGen       total 1293312K, used 1292919K [0x0000000080000000, 0x00000000cef00000, 0x00000000d5580000)
  object space 1293312K, 99% used [0x0000000080000000,0x00000000cee9dde0,0x00000000cef00000)
 Metaspace       used 110235K, committed 112128K, reserved 1179648K
  class space    used 10847K, committed 11712K, reserved 1048576K
}
Event: 214393.104 GC heap after
{Heap after GC invocations=18314 (full 15):
 PSYoungGen      total 12800K, used 622K [0x00000000d5580000, 0x00000000d6400000, 0x0000000100000000)
  eden space 11776K, 0% used [0x00000000d5580000,0x00000000d5580000,0x00000000d6100000)
  from space 1024K, 60% used [0x00000000d6300000,0x00000000d639b948,0x00000000d6400000)
  to   space 1024K, 0% used [0x00000000d6200000,0x00000000d6200000,0x00000000d6300000)
 ParOldGen       total 1293824K, used 1293415K [0x0000000080000000, 0x00000000cef80000, 0x00000000d5580000)
  object space 1293824K, 99% used [0x0000000080000000,0x00000000cef19de0,0x00000000cef80000)
 Metaspace       used 110235K, committed 112128K, reserved 1179648K
  class space    used 10847K, committed 11712K, reserved 1048576K
}
Event: 214394.313 GC heap before
{Heap before GC invocations=18315 (full 15):
 PSYoungGen      total 12800K, used 12398K [0x00000000d5580000, 0x00000000d6400000, 0x0000000100000000)
  eden space 11776K, 100% used [0x00000000d5580000,0x00000000d6100000,0x00000000d6100000)
  from space 1024K, 60% used [0x00000000d6300000,0x00000000d639b948,0x00000000d6400000)
  to   space 1024K, 0% used [0x00000000d6200000,0x00000000d6200000,0x00000000d6300000)
 ParOldGen       total 1293824K, used 1293415K [0x0000000080000000, 0x00000000cef80000, 0x00000000d5580000)
  object space 1293824K, 99% used [0x0000000080000000,0x00000000cef19de0,0x00000000cef80000)
 Metaspace       used 110249K, committed 112128K, reserved 1179648K
  class space    used 10847K, committed 11712K, reserved 1048576K
}
Event: 214394.315 GC heap after
{Heap after GC invocations=18315 (full 15):
 PSYoungGen      total 12800K, used 629K [0x00000000d5580000, 0x00000000d6380000, 0x0000000100000000)
  eden space 11776K, 0% used [0x00000000d5580000,0x00000000d5580000,0x00000000d6100000)
  from space 1024K, 61% used [0x00000000d6200000,0x00000000d629d6b0,0x00000000d6300000)
  to   space 512K, 0% used [0x00000000d6300000,0x00000000d6300000,0x00000000d6380000)
 ParOldGen       total 1294336K, used 1293909K [0x0000000080000000, 0x00000000cf000000, 0x00000000d5580000)
  object space 1294336K, 99% used [0x0000000080000000,0x00000000cef95738,0x00000000cf000000)
 Metaspace       used 110249K, committed 112128K, reserved 1179648K
  class space    used 10847K, committed 11712K, reserved 1048576K
}

Dll operation events (14 events):
Event: 0.080 Loaded shared library c:\Users\Jay Datsur\.vscode\extensions\redhat.java-1.50.0-win32-x64\jre\21.0.9-win32-x86_64\bin\java.dll
Event: 0.286 Loaded shared library c:\Users\Jay Datsur\.vscode\extensions\redhat.java-1.50.0-win32-x64\jre\21.0.9-win32-x86_64\bin\zip.dll
Event: 0.309 Loaded shared library C:\Users\Jay Datsur\.vscode\extensions\redhat.java-1.50.0-win32-x64\jre\21.0.9-win32-x86_64\bin\instrument.dll
Event: 0.333 Loaded shared library C:\Users\Jay Datsur\.vscode\extensions\redhat.java-1.50.0-win32-x64\jre\21.0.9-win32-x86_64\bin\net.dll
Event: 0.364 Loaded shared library C:\Users\Jay Datsur\.vscode\extensions\redhat.java-1.50.0-win32-x64\jre\21.0.9-win32-x86_64\bin\nio.dll
Event: 0.368 Loaded shared library C:\Users\Jay Datsur\.vscode\extensions\redhat.java-1.50.0-win32-x64\jre\21.0.9-win32-x86_64\bin\zip.dll
Event: 0.387 Loaded shared library C:\Users\Jay Datsur\.vscode\extensions\redhat.java-1.50.0-win32-x64\jre\21.0.9-win32-x86_64\bin\jimage.dll
Event: 0.582 Loaded shared library c:\Users\Jay Datsur\.vscode\extensions\redhat.java-1.50.0-win32-x64\jre\21.0.9-win32-x86_64\bin\verify.dll
Event: 3.850 Loaded shared library C:\Users\Jay Datsur\AppData\Roaming\Code\User\globalStorage\redhat.java\1.50.0\config_win\org.eclipse.equinox.launcher\org.eclipse.equinox.launcher.win32.win32.x86_64_1.2.1400.v20250801-0854\eclipse_11916.dll
Event: 6.991 Loaded shared library C:\Users\Jay Datsur\AppData\Local\Temp\jna--1300065443\jna18344421379900443025.dll
Event: 10.788 Loaded shared library C:\Users\Jay Datsur\.vscode\extensions\redhat.java-1.50.0-win32-x64\jre\21.0.9-win32-x86_64\bin\sunmscapi.dll
Event: 11.841 Loaded shared library C:\Users\Jay Datsur\.vscode\extensions\redhat.java-1.50.0-win32-x64\jre\21.0.9-win32-x86_64\bin\extnet.dll
Event: 210198.553 Loaded shared library C:\Users\Jay Datsur\.vscode\extensions\redhat.java-1.50.0-win32-x64\jre\21.0.9-win32-x86_64\bin\management.dll
Event: 210198.574 Loaded shared library C:\Users\Jay Datsur\.vscode\extensions\redhat.java-1.50.0-win32-x64\jre\21.0.9-win32-x86_64\bin\management_ext.dll

Deoptimization events (20 events):
Event: 214326.361 Thread 0x0000026a7a3c6d80 Uncommon trap: trap_request=0xffffffde fr.pc=0x0000026a5b33e8a4 relative=0x0000000000000ac4
Event: 214326.361 Thread 0x0000026a7a3c6d80 Uncommon trap: reason=class_check action=maybe_recompile pc=0x0000026a5b33e8a4 method=org.eclipse.jdt.internal.compiler.ast.CastExpression.resolveType(Lorg/eclipse/jdt/internal/compiler/lookup/BlockScope;)Lorg/eclipse/jdt/internal/compiler/lookup/TypeBind
Event: 214326.361 Thread 0x0000026a7a3c6d80 DEOPT PACKING pc=0x0000026a5b33e8a4 sp=0x000000bfa9afe820
Event: 214326.361 Thread 0x0000026a7a3c6d80 DEOPT UNPACKING pc=0x0000026a59246da2 sp=0x000000bfa9afe7e0 mode 2
Event: 214326.373 Thread 0x0000026a7a3c6d80 Uncommon trap: trap_request=0xffffffde fr.pc=0x0000026a5a8959a8 relative=0x0000000000002428
Event: 214326.373 Thread 0x0000026a7a3c6d80 Uncommon trap: reason=class_check action=maybe_recompile pc=0x0000026a5a8959a8 method=org.eclipse.jdt.internal.compiler.ast.TypeDeclaration.internalAnalyseCode(Lorg/eclipse/jdt/internal/compiler/flow/FlowContext;Lorg/eclipse/jdt/internal/compiler/flow/Flo
Event: 214326.373 Thread 0x0000026a7a3c6d80 DEOPT PACKING pc=0x0000026a5a8959a8 sp=0x000000bfa9afeef0
Event: 214326.373 Thread 0x0000026a7a3c6d80 DEOPT UNPACKING pc=0x0000026a59246da2 sp=0x000000bfa9afee80 mode 2
Event: 214326.403 Thread 0x0000026a6d4af170 Uncommon trap: trap_request=0xffffffde fr.pc=0x0000026a5b6b72b4 relative=0x0000000000002874
Event: 214326.403 Thread 0x0000026a6d4af170 Uncommon trap: reason=class_check action=maybe_recompile pc=0x0000026a5b6b72b4 method=org.eclipse.jdt.internal.compiler.SourceElementParser.constructTypeReference(I)Lorg/eclipse/jdt/internal/compiler/ast/TypeReference; @ 552 c2
Event: 214326.403 Thread 0x0000026a6d4af170 DEOPT PACKING pc=0x0000026a5b6b72b4 sp=0x000000bfa79fedb0
Event: 214326.403 Thread 0x0000026a6d4af170 DEOPT UNPACKING pc=0x0000026a59246da2 sp=0x000000bfa79fed68 mode 2
Event: 214326.455 Thread 0x0000026a6c4eeb00 Uncommon trap: trap_request=0xffffffd6 fr.pc=0x0000026a5abf41d0 relative=0x00000000000007b0
Event: 214326.455 Thread 0x0000026a6c4eeb00 Uncommon trap: reason=array_check action=maybe_recompile pc=0x0000026a5abf41d0 method=java.util.ComparableTimSort.reverseRange([Ljava/lang/Object;II)V @ 20 c2
Event: 214326.455 Thread 0x0000026a6c4eeb00 DEOPT PACKING pc=0x0000026a5abf41d0 sp=0x000000bfa7bfd570
Event: 214326.455 Thread 0x0000026a6c4eeb00 DEOPT UNPACKING pc=0x0000026a59246da2 sp=0x000000bfa7bfd488 mode 2
Event: 214326.930 Thread 0x0000026a6c4edde0 Uncommon trap: trap_request=0xffffffd6 fr.pc=0x0000026a5aa63484 relative=0x00000000000026e4
Event: 214326.930 Thread 0x0000026a6c4edde0 Uncommon trap: reason=array_check action=maybe_recompile pc=0x0000026a5aa63484 method=org.eclipse.jdt.internal.core.JavaProjectElementInfo.getProjectCache(Lorg/eclipse/jdt/internal/core/JavaProject;Z)Lorg/eclipse/jdt/internal/core/JavaProjectElementInfo$P
Event: 214326.930 Thread 0x0000026a6c4edde0 DEOPT PACKING pc=0x0000026a5aa63484 sp=0x000000bfa4ffe820
Event: 214326.930 Thread 0x0000026a6c4edde0 DEOPT UNPACKING pc=0x0000026a59246da2 sp=0x000000bfa4ffe810 mode 2

Classes loaded (20 events):
Event: 210204.187 Loading class javax/naming/InvalidNameException
Event: 210204.187 Loading class javax/naming/InvalidNameException done
Event: 210204.204 Loading class java/net/ConnectException
Event: 210204.204 Loading class java/net/ConnectException done
Event: 210204.204 Loading class java/net/NoRouteToHostException
Event: 210204.204 Loading class java/net/NoRouteToHostException done
Event: 210204.336 Loading class java/util/concurrent/atomic/AtomicMarkableReference
Event: 210204.337 Loading class java/util/concurrent/atomic/AtomicMarkableReference done
Event: 210204.337 Loading class java/util/concurrent/atomic/AtomicMarkableReference$Pair
Event: 210204.337 Loading class java/util/concurrent/atomic/AtomicMarkableReference$Pair done
Event: 210204.628 Loading class java/nio/HeapByteBufferR
Event: 210204.628 Loading class java/nio/HeapByteBufferR done
Event: 210206.131 Loading class java/util/ArrayDeque$DeqSpliterator
Event: 210206.132 Loading class java/util/ArrayDeque$DeqSpliterator done
Event: 210207.708 Loading class java/util/concurrent/ConcurrentHashMap$KeySpliterator
Event: 210207.708 Loading class java/util/concurrent/ConcurrentHashMap$KeySpliterator done
Event: 210209.707 Loading class javax/xml/transform/TransformerConfigurationException
Event: 210209.708 Loading class javax/xml/transform/TransformerConfigurationException done
Event: 213815.769 Loading class java/util/concurrent/LinkedBlockingQueue$Itr
Event: 213815.770 Loading class java/util/concurrent/LinkedBlockingQueue$Itr done

Classes unloaded (20 events):
Event: 213227.620 Thread 0x0000026a4ea7aab0 Unloading class 0x0000026a01adb000 'java/lang/invoke/LambdaForm$MH+0x0000026a01adb000'
Event: 213227.620 Thread 0x0000026a4ea7aab0 Unloading class 0x0000026a01adac00 'java/lang/invoke/LambdaForm$MH+0x0000026a01adac00'
Event: 213227.620 Thread 0x0000026a4ea7aab0 Unloading class 0x0000026a01ada800 'java/lang/invoke/LambdaForm$MH+0x0000026a01ada800'
Event: 213227.620 Thread 0x0000026a4ea7aab0 Unloading class 0x0000026a01ad8c00 'java/lang/invoke/LambdaForm$MH+0x0000026a01ad8c00'
Event: 213227.620 Thread 0x0000026a4ea7aab0 Unloading class 0x0000026a01ad8800 'java/lang/invoke/LambdaForm$MH+0x0000026a01ad8800'
Event: 213227.620 Thread 0x0000026a4ea7aab0 Unloading class 0x0000026a01ad8400 'java/lang/invoke/LambdaForm$MH+0x0000026a01ad8400'
Event: 213227.620 Thread 0x0000026a4ea7aab0 Unloading class 0x0000026a01ad8000 'java/lang/invoke/LambdaForm$MH+0x0000026a01ad8000'
Event: 213227.620 Thread 0x0000026a4ea7aab0 Unloading class 0x0000026a01aa0000 'java/lang/invoke/LambdaForm$MH+0x0000026a01aa0000'
Event: 213227.620 Thread 0x0000026a4ea7aab0 Unloading class 0x0000026a01a70c00 'java/lang/invoke/LambdaForm$MH+0x0000026a01a70c00'
Event: 213227.620 Thread 0x0000026a4ea7aab0 Unloading class 0x0000026a01a70800 'java/lang/invoke/LambdaForm$MH+0x0000026a01a70800'
Event: 213227.620 Thread 0x0000026a4ea7aab0 Unloading class 0x0000026a01a70400 'java/lang/invoke/LambdaForm$MH+0x0000026a01a70400'
Event: 213227.620 Thread 0x0000026a4ea7aab0 Unloading class 0x0000026a01a70000 'java/lang/invoke/LambdaForm$MH+0x0000026a01a70000'
Event: 213227.620 Thread 0x0000026a4ea7aab0 Unloading class 0x0000026a01111c00 'java/lang/invoke/LambdaForm$MH+0x0000026a01111c00'
Event: 213227.620 Thread 0x0000026a4ea7aab0 Unloading class 0x0000026a0108c000 'java/lang/invoke/LambdaForm$MH+0x0000026a0108c000'
Event: 213227.621 Thread 0x0000026a4ea7aab0 Unloading class 0x0000026a0101ec00 'java/lang/invoke/LambdaForm$BMH+0x0000026a0101ec00'
Event: 213227.621 Thread 0x0000026a4ea7aab0 Unloading class 0x0000026a01a45400 'java/lang/invoke/LambdaForm$MH+0x0000026a01a45400'
Event: 213227.621 Thread 0x0000026a4ea7aab0 Unloading class 0x0000026a01a45000 'java/lang/invoke/LambdaForm$MH+0x0000026a01a45000'
Event: 213227.621 Thread 0x0000026a4ea7aab0 Unloading class 0x0000026a01a44c00 'java/lang/invoke/LambdaForm$MH+0x0000026a01a44c00'
Event: 213227.621 Thread 0x0000026a4ea7aab0 Unloading class 0x0000026a01a44400 'java/lang/invoke/LambdaForm$MH+0x0000026a01a44400'
Event: 213227.621 Thread 0x0000026a4ea7aab0 Unloading class 0x0000026a01a44000 'java/lang/invoke/LambdaForm$MH+0x0000026a01a44000'

Classes redefined (0 events):
No events

Internal exceptions (20 events):
Event: 214348.286 Thread 0x0000026a6c4ef190 Exception <a 'sun/nio/fs/WindowsException'{0x00000000d59865f8}> (0x00000000d59865f8) 
thrown [s\src\hotspot\share\prims\jni.cpp, line 520]
Event: 214348.289 Thread 0x0000026a6c4ef190 Exception <a 'sun/nio/fs/WindowsException'{0x00000000d59a1c18}> (0x00000000d59a1c18) 
thrown [s\src\hotspot\share\prims\jni.cpp, line 520]
Event: 214348.289 Thread 0x0000026a6c4ef190 Exception <a 'sun/nio/fs/WindowsException'{0x00000000d59a27b0}> (0x00000000d59a27b0) 
thrown [s\src\hotspot\share\prims\jni.cpp, line 520]
Event: 214348.418 Thread 0x0000026a6e61f3f0 Exception <a 'sun/nio/fs/WindowsException'{0x00000000d62b2d38}> (0x00000000d62b2d38) 
thrown [s\src\hotspot\share\prims\jni.cpp, line 520]
Event: 214348.418 Thread 0x0000026a6e61f3f0 Exception <a 'sun/nio/fs/WindowsException'{0x00000000d62b33c0}> (0x00000000d62b33c0) 
thrown [s\src\hotspot\share\prims\jni.cpp, line 520]
Event: 214384.245 Thread 0x0000026a6fcca0a0 Exception <a 'java/lang/ClassNotFoundException'{0x00000000d5ba9888}: sun/net/www/protocol/jdt/Handler> (0x00000000d5ba9888) 
thrown [s\src\hotspot\share\classfile\systemDictionary.cpp, line 312]
Event: 214384.245 Thread 0x0000026a6fcca0a0 Exception <a 'java/lang/ClassNotFoundException'{0x00000000d5bae0d0}: sun/net/www/protocol/jdt/Handler> (0x00000000d5bae0d0) 
thrown [s\src\hotspot\share\classfile\systemDictionary.cpp, line 312]
Event: 214384.245 Thread 0x0000026a6fcca0a0 Exception <a 'java/lang/ClassNotFoundException'{0x00000000d5bb07d8}: sun/net/www/protocol/jdt/Handler> (0x00000000d5bb07d8) 
thrown [s\src\hotspot\share\classfile\systemDictionary.cpp, line 312]
Event: 214394.171 Thread 0x0000026a6fcca0a0 Exception <a 'sun/nio/fs/WindowsException'{0x00000000d59a83a0}> (0x00000000d59a83a0) 
thrown [s\src\hotspot\share\prims\jni.cpp, line 520]
Event: 214394.171 Thread 0x0000026a6fcca0a0 Exception <a 'sun/nio/fs/WindowsException'{0x00000000d59a8c78}> (0x00000000d59a8c78) 
thrown [s\src\hotspot\share\prims\jni.cpp, line 520]
Event: 214394.172 Thread 0x0000026a6fcca0a0 Exception <a 'sun/nio/fs/WindowsException'{0x00000000d59a99c8}> (0x00000000d59a99c8) 
thrown [s\src\hotspot\share\prims\jni.cpp, line 520]
Event: 214394.172 Thread 0x0000026a6fcca0a0 Exception <a 'sun/nio/fs/WindowsException'{0x00000000d59aa2a0}> (0x00000000d59aa2a0) 
thrown [s\src\hotspot\share\prims\jni.cpp, line 520]
Event: 214394.173 Thread 0x0000026a6fcca0a0 Exception <a 'sun/nio/fs/WindowsException'{0x00000000d59aba38}> (0x00000000d59aba38) 
thrown [s\src\hotspot\share\prims\jni.cpp, line 520]
Event: 214394.173 Thread 0x0000026a6fcca0a0 Exception <a 'sun/nio/fs/WindowsException'{0x00000000d59ac060}> (0x00000000d59ac060) 
thrown [s\src\hotspot\share\prims\jni.cpp, line 520]
Event: 214394.176 Thread 0x0000026a6fcca0a0 Exception <a 'sun/nio/fs/WindowsException'{0x00000000d59e9288}> (0x00000000d59e9288) 
thrown [s\src\hotspot\share\prims\jni.cpp, line 520]
Event: 214394.176 Thread 0x0000026a6fcca0a0 Exception <a 'sun/nio/fs/WindowsException'{0x00000000d59e9b60}> (0x00000000d59e9b60) 
thrown [s\src\hotspot\share\prims\jni.cpp, line 520]
Event: 214394.391 Thread 0x0000026a6e619810 Exception <a 'sun/nio/fs/WindowsException'{0x00000000d578c2c8}> (0x00000000d578c2c8) 
thrown [s\src\hotspot\share\prims\jni.cpp, line 520]
Event: 214394.391 Thread 0x0000026a6e619810 Exception <a 'sun/nio/fs/WindowsException'{0x00000000d578c950}> (0x00000000d578c950) 
thrown [s\src\hotspot\share\prims\jni.cpp, line 520]
Event: 214416.070 Thread 0x0000026a6fccadc0 Exception <a 'sun/nio/fs/WindowsException'{0x00000000d5816ca0}> (0x00000000d5816ca0) 
thrown [s\src\hotspot\share\prims\jni.cpp, line 520]
Event: 214416.070 Thread 0x0000026a6fccadc0 Exception <a 'sun/nio/fs/WindowsException'{0x00000000d5817578}> (0x00000000d5817578) 
thrown [s\src\hotspot\share\prims\jni.cpp, line 520]

ZGC Phase Switch (0 events):
No events

VM Operations (20 events):
Event: 214384.174 Executing VM operation: ParallelGCFailedAllocation (Allocation Failure)
Event: 214384.178 Executing VM operation: ParallelGCFailedAllocation (Allocation Failure) done
Event: 214384.195 Executing VM operation: ParallelGCFailedAllocation (Allocation Failure)
Event: 214384.199 Executing VM operation: ParallelGCFailedAllocation (Allocation Failure) done
Event: 214384.219 Executing VM operation: ParallelGCFailedAllocation (Allocation Failure)
Event: 214384.222 Executing VM operation: ParallelGCFailedAllocation (Allocation Failure) done
Event: 214385.223 Executing VM operation: Cleanup
Event: 214385.223 Executing VM operation: Cleanup done
Event: 214393.102 Executing VM operation: ParallelGCFailedAllocation (Allocation Failure)
Event: 214393.104 Executing VM operation: ParallelGCFailedAllocation (Allocation Failure) done
Event: 214394.313 Executing VM operation: ParallelGCFailedAllocation (Allocation Failure)
Event: 214394.315 Executing VM operation: ParallelGCFailedAllocation (Allocation Failure) done
Event: 214396.316 Executing VM operation: Cleanup
Event: 214396.316 Executing VM operation: Cleanup done
Event: 214414.923 Executing VM operation: HandshakeAllThreads (HandshakeForDeflation)
Event: 214414.923 Executing VM operation: HandshakeAllThreads (HandshakeForDeflation) done
Event: 214414.923 Executing VM operation: RendezvousGCThreads
Event: 214414.923 Executing VM operation: RendezvousGCThreads done
Event: 214416.924 Executing VM operation: Cleanup
Event: 214416.924 Executing VM operation: Cleanup done

Memory protections (0 events):
No events

Nmethod flushes (20 events):
Event: 213227.801 Thread 0x0000026a4ea7aab0 flushing  nmethod 0x0000026a54f70090
Event: 213227.801 Thread 0x0000026a4ea7aab0 flushing  nmethod 0x0000026a54fba990
Event: 213227.801 Thread 0x0000026a4ea7aab0 flushing  nmethod 0x0000026a54fc1c90
Event: 213227.801 Thread 0x0000026a4ea7aab0 flushing osr nmethod 0x0000026a54fce190
Event: 213227.802 Thread 0x0000026a4ea7aab0 flushing osr nmethod 0x0000026a54fd0590
Event: 213227.802 Thread 0x0000026a4ea7aab0 flushing  nmethod 0x0000026a54fe5790
Event: 213227.802 Thread 0x0000026a4ea7aab0 flushing  nmethod 0x0000026a54fecb90
Event: 213227.802 Thread 0x0000026a4ea7aab0 flushing  nmethod 0x0000026a54ff4090
Event: 213227.802 Thread 0x0000026a4ea7aab0 flushing  nmethod 0x0000026a54ff6490
Event: 213227.802 Thread 0x0000026a4ea7aab0 flushing  nmethod 0x0000026a55035590
Event: 213227.802 Thread 0x0000026a4ea7aab0 flushing  nmethod 0x0000026a55053e10
Event: 213227.802 Thread 0x0000026a4ea7aab0 flushing  nmethod 0x0000026a5506ab90
Event: 213227.802 Thread 0x0000026a4ea7aab0 flushing  nmethod 0x0000026a55070890
Event: 213227.802 Thread 0x0000026a4ea7aab0 flushing  nmethod 0x0000026a55108590
Event: 213227.802 Thread 0x0000026a4ea7aab0 flushing  nmethod 0x0000026a5515cf10
Event: 213227.802 Thread 0x0000026a4ea7aab0 flushing  nmethod 0x0000026a55161c90
Event: 213227.802 Thread 0x0000026a4ea7aab0 flushing  nmethod 0x0000026a55167b10
Event: 213227.802 Thread 0x0000026a4ea7aab0 flushing  nmethod 0x0000026a55169990
Event: 213227.802 Thread 0x0000026a4ea7aab0 flushing  nmethod 0x0000026a551c6b90
Event: 213227.802 Thread 0x0000026a4ea7aab0 flushing  nmethod 0x0000026a551dee90

Events (20 events):
Event: 214380.085 Thread 0x0000026a675468e0 Thread exited: 0x0000026a675468e0
Event: 214385.910 Thread 0x0000026a7a3c6060 Thread exited: 0x0000026a7a3c6060
Event: 214386.403 Thread 0x0000026a7a3c6d80 Thread exited: 0x0000026a7a3c6d80
Event: 214394.269 Thread 0x0000026a6c4eb680 Thread exited: 0x0000026a6c4eb680
Event: 214394.386 Thread 0x0000026a6c4ebd10 Thread added: 0x0000026a6e619810
Event: 214394.393 Thread 0x0000026a6e619810 Thread added: 0x0000026a6e619ea0
Event: 214395.184 Thread 0x0000026a6c4ebd10 Thread added: 0x0000026a6e61f3f0
Event: 214395.184 Thread 0x0000026a6e619ea0 Thread exited: 0x0000026a6e619ea0
Event: 214395.541 Thread 0x0000026a6e61f3f0 Thread exited: 0x0000026a6e61f3f0
Event: 214408.399 Thread 0x0000026a6c4eeb00 Thread exited: 0x0000026a6c4eeb00
Event: 214410.075 Thread 0x0000026a6e61bf70 Thread exited: 0x0000026a6e61bf70
Event: 214416.072 Thread 0x0000026a6fccadc0 Thread added: 0x0000026a6e619ea0
Event: 214416.072 Thread 0x0000026a6e619ea0 Thread added: 0x0000026a6e61b8e0
Event: 214416.072 Thread 0x0000026a6e619ea0 Thread added: 0x0000026a6e61f3f0
Event: 214416.072 Thread 0x0000026a6e61f3f0 Thread exited: 0x0000026a6e61f3f0
Event: 214416.072 Thread 0x0000026a6e61b8e0 Thread exited: 0x0000026a6e61b8e0
Event: 214416.072 Thread 0x0000026a6e619ea0 Thread exited: 0x0000026a6e619ea0
Event: 214416.079 Thread 0x0000026a6fccadc0 Thread added: 0x0000026a6e619ea0
Event: 214416.079 Thread 0x0000026a6e619ea0 Thread exited: 0x0000026a6e619ea0
Event: 214445.910 Thread 0x0000026a7a3c94e0 Thread exited: 0x0000026a7a3c94e0


Dynamic libraries:
0x00007ff7da5c0000 - 0x00007ff7da5ce000 	c:\Users\Jay Datsur\.vscode\extensions\redhat.java-1.50.0-win32-x64\jre\21.0.9-win32-x86_64\bin\java.exe
0x00007ffa99710000 - 0x00007ffa99928000 	C:\WINDOWS\SYSTEM32\ntdll.dll
0x00007ffa98cd0000 - 0x00007ffa98d94000 	C:\WINDOWS\System32\KERNEL32.DLL
0x00007ffa968a0000 - 0x00007ffa96c73000 	C:\WINDOWS\System32\KERNELBASE.dll
0x00007ffa96f40000 - 0x00007ffa97051000 	C:\WINDOWS\System32\ucrtbase.dll
0x00007ffa8fff0000 - 0x00007ffa9000e000 	c:\Users\Jay Datsur\.vscode\extensions\redhat.java-1.50.0-win32-x64\jre\21.0.9-win32-x86_64\bin\VCRUNTIME140.dll
0x00007ffa7afc0000 - 0x00007ffa7afd8000 	c:\Users\Jay Datsur\.vscode\extensions\redhat.java-1.50.0-win32-x64\jre\21.0.9-win32-x86_64\bin\jli.dll
0x00007ffa980a0000 - 0x00007ffa98252000 	C:\WINDOWS\System32\USER32.dll
0x00007ffa96dd0000 - 0x00007ffa96df6000 	C:\WINDOWS\System32\win32u.dll
0x00007ffa97ee0000 - 0x00007ffa97f09000 	C:\WINDOWS\System32\GDI32.dll
0x00007ffa73cb0000 - 0x00007ffa73f4c000 	C:\WINDOWS\WinSxS\amd64_microsoft.windows.common-controls_6595b64144ccf1df_6.0.22621.6060_none_2712eda17382d24b\COMCTL32.dll
0x00007ffa96cb0000 - 0x00007ffa96dcb000 	C:\WINDOWS\System32\gdi32full.dll
0x00007ffa97ff0000 - 0x00007ffa98097000 	C:\WINDOWS\System32\msvcrt.dll
0x00007ffa97060000 - 0x00007ffa970fa000 	C:\WINDOWS\System32\msvcp_win.dll
0x00007ffa97e90000 - 0x00007ffa97ec1000 	C:\WINDOWS\System32\IMM32.DLL
0x0000026a4cef0000 - 0x0000026a4cf06000 	C:\WINDOWS\System32\umppc20308.dll
0x0000026a4cf30000 - 0x0000026a4cf44000 	C:\WINDOWS\System32\CsXumd64_20308.dll
0x00007ffa905e0000 - 0x00007ffa905ec000 	c:\Users\Jay Datsur\.vscode\extensions\redhat.java-1.50.0-win32-x64\jre\21.0.9-win32-x86_64\bin\vcruntime140_1.dll
0x00007ffa399b0000 - 0x00007ffa39a3d000 	c:\Users\Jay Datsur\.vscode\extensions\redhat.java-1.50.0-win32-x64\jre\21.0.9-win32-x86_64\bin\msvcp140.dll
0x00007ff9b1a20000 - 0x00007ff9b27c0000 	c:\Users\Jay Datsur\.vscode\extensions\redhat.java-1.50.0-win32-x64\jre\21.0.9-win32-x86_64\bin\server\jvm.dll
0x00007ffa99610000 - 0x00007ffa996c1000 	C:\WINDOWS\System32\ADVAPI32.dll
0x00007ffa99450000 - 0x00007ffa994f8000 	C:\WINDOWS\System32\sechost.dll
0x00007ffa96c80000 - 0x00007ffa96ca8000 	C:\WINDOWS\System32\bcrypt.dll
0x00007ffa98aa0000 - 0x00007ffa98bb8000 	C:\WINDOWS\System32\RPCRT4.dll
0x00007ffa98c50000 - 0x00007ffa98cc1000 	C:\WINDOWS\System32\WS2_32.dll
0x00007ffa95cd0000 - 0x00007ffa95d1d000 	C:\WINDOWS\SYSTEM32\POWRPROF.dll
0x00007ffa90c90000 - 0x00007ffa90cc4000 	C:\WINDOWS\SYSTEM32\WINMM.dll
0x00007ffa8c770000 - 0x00007ffa8c77a000 	C:\WINDOWS\SYSTEM32\VERSION.dll
0x00007ffa95cb0000 - 0x00007ffa95cc3000 	C:\WINDOWS\SYSTEM32\UMPDC.dll
0x00007ffa95750000 - 0x00007ffa95768000 	C:\WINDOWS\SYSTEM32\kernel.appcore.dll
0x00007ffa7afb0000 - 0x00007ffa7afba000 	c:\Users\Jay Datsur\.vscode\extensions\redhat.java-1.50.0-win32-x64\jre\21.0.9-win32-x86_64\bin\jimage.dll
0x00007ffa93b70000 - 0x00007ffa93da3000 	C:\WINDOWS\SYSTEM32\DBGHELP.DLL
0x00007ffa983e0000 - 0x00007ffa98771000 	C:\WINDOWS\System32\combase.dll
0x00007ffa982d0000 - 0x00007ffa983a8000 	C:\WINDOWS\System32\OLEAUT32.dll
0x00007ffa83dd0000 - 0x00007ffa83e02000 	C:\WINDOWS\SYSTEM32\dbgcore.DLL
0x00007ffa96820000 - 0x00007ffa9689b000 	C:\WINDOWS\System32\bcryptPrimitives.dll
0x00007ffa7af90000 - 0x00007ffa7af9f000 	c:\Users\Jay Datsur\.vscode\extensions\redhat.java-1.50.0-win32-x64\jre\21.0.9-win32-x86_64\bin\instrument.dll
0x00007ffa7ae90000 - 0x00007ffa7aeb0000 	c:\Users\Jay Datsur\.vscode\extensions\redhat.java-1.50.0-win32-x64\jre\21.0.9-win32-x86_64\bin\java.dll
0x00007ffa973b0000 - 0x00007ffa97c4c000 	C:\WINDOWS\System32\SHELL32.dll
0x00007ffa96e00000 - 0x00007ffa96f3f000 	C:\WINDOWS\System32\wintypes.dll
0x00007ffa94420000 - 0x00007ffa94d3a000 	C:\WINDOWS\SYSTEM32\windows.storage.dll
0x00007ffa99500000 - 0x00007ffa99604000 	C:\WINDOWS\System32\SHCORE.dll
0x00007ffa98f60000 - 0x00007ffa98fc9000 	C:\WINDOWS\System32\shlwapi.dll
0x00007ffa96750000 - 0x00007ffa96775000 	C:\WINDOWS\SYSTEM32\profapi.dll
0x00007ffa79de0000 - 0x00007ffa79df8000 	c:\Users\Jay Datsur\.vscode\extensions\redhat.java-1.50.0-win32-x64\jre\21.0.9-win32-x86_64\bin\zip.dll
0x00007ffa7ad80000 - 0x00007ffa7ad90000 	C:\Users\Jay Datsur\.vscode\extensions\redhat.java-1.50.0-win32-x64\jre\21.0.9-win32-x86_64\bin\net.dll
0x00007ffa95770000 - 0x00007ffa9589c000 	C:\WINDOWS\SYSTEM32\WINHTTP.dll
0x00007ffa95dc0000 - 0x00007ffa95e29000 	C:\WINDOWS\system32\mswsock.dll
0x00007ffa65f00000 - 0x00007ffa65f16000 	C:\Users\Jay Datsur\.vscode\extensions\redhat.java-1.50.0-win32-x64\jre\21.0.9-win32-x86_64\bin\nio.dll
0x00007ffa79a40000 - 0x00007ffa79a50000 	c:\Users\Jay Datsur\.vscode\extensions\redhat.java-1.50.0-win32-x64\jre\21.0.9-win32-x86_64\bin\verify.dll
0x00007ffa5cf80000 - 0x00007ffa5cfc4000 	C:\Users\Jay Datsur\AppData\Roaming\Code\User\globalStorage\redhat.java\1.50.0\config_win\org.eclipse.equinox.launcher\org.eclipse.equinox.launcher.win32.win32.x86_64_1.2.1400.v20250801-0854\eclipse_11916.dll
0x00007ffa988f0000 - 0x00007ffa98a91000 	C:\WINDOWS\System32\ole32.dll
0x00007ffa96060000 - 0x00007ffa9607b000 	C:\WINDOWS\SYSTEM32\CRYPTSP.dll
0x00007ffa956b0000 - 0x00007ffa956e7000 	C:\WINDOWS\system32\rsaenh.dll
0x00007ffa95e60000 - 0x00007ffa95e88000 	C:\WINDOWS\SYSTEM32\USERENV.dll
0x00007ffa96040000 - 0x00007ffa9604c000 	C:\WINDOWS\SYSTEM32\CRYPTBASE.dll
0x00007ffa94f90000 - 0x00007ffa94fbd000 	C:\WINDOWS\SYSTEM32\IPHLPAPI.DLL
0x00007ffa97ed0000 - 0x00007ffa97ed9000 	C:\WINDOWS\System32\NSI.dll
0x00007ffa51530000 - 0x00007ffa51579000 	C:\Users\Jay Datsur\AppData\Local\Temp\jna--1300065443\jna18344421379900443025.dll
0x00007ffa97f10000 - 0x00007ffa97f18000 	C:\WINDOWS\System32\PSAPI.DLL
0x00007ffa90f80000 - 0x00007ffa90f99000 	C:\WINDOWS\SYSTEM32\dhcpcsvc6.DLL
0x00007ffa90f50000 - 0x00007ffa90f6f000 	C:\WINDOWS\SYSTEM32\dhcpcsvc.DLL
0x00007ffa79a30000 - 0x00007ffa79a3e000 	C:\Users\Jay Datsur\.vscode\extensions\redhat.java-1.50.0-win32-x64\jre\21.0.9-win32-x86_64\bin\sunmscapi.dll
0x00007ffa97240000 - 0x00007ffa973a8000 	C:\WINDOWS\System32\CRYPT32.dll
0x00007ffa96160000 - 0x00007ffa9618e000 	C:\WINDOWS\SYSTEM32\ncrypt.dll
0x00007ffa96120000 - 0x00007ffa96157000 	C:\WINDOWS\SYSTEM32\NTASN1.dll
0x00007ffa94fc0000 - 0x00007ffa950b8000 	C:\WINDOWS\SYSTEM32\DNSAPI.dll
0x00007ffa90750000 - 0x00007ffa9075a000 	C:\Windows\System32\rasadhlp.dll
0x00007ffa904d0000 - 0x00007ffa90554000 	C:\WINDOWS\System32\fwpuclnt.dll
0x00007ffa73160000 - 0x00007ffa73169000 	C:\Users\Jay Datsur\.vscode\extensions\redhat.java-1.50.0-win32-x64\jre\21.0.9-win32-x86_64\bin\extnet.dll
0x00007ffa81b60000 - 0x00007ffa81b6a000 	C:\Users\Jay Datsur\.vscode\extensions\redhat.java-1.50.0-win32-x64\jre\21.0.9-win32-x86_64\bin\management.dll
0x00007ffa81b50000 - 0x00007ffa81b5c000 	C:\Users\Jay Datsur\.vscode\extensions\redhat.java-1.50.0-win32-x64\jre\21.0.9-win32-x86_64\bin\management_ext.dll

JVMTI agents:
c:\Users\Jay Datsur\.vscode\extensions\redhat.java-1.50.0-win32-x64\lombok\lombok-1.18.39-4050.jar path:c:\Users\Jay Datsur\.vscode\extensions\redhat.java-1.50.0-win32-x64\jre\21.0.9-win32-x86_64\bin\instrument.dll, loaded, initialized, instrumentlib options:none

dbghelp: loaded successfully - version: 4.0.5 - missing functions: none
symbol engine: initialized successfully - sym options: 0x614 - pdb path: .;c:\Users\Jay Datsur\.vscode\extensions\redhat.java-1.50.0-win32-x64\jre\21.0.9-win32-x86_64\bin;C:\WINDOWS\SYSTEM32;C:\WINDOWS\WinSxS\amd64_microsoft.windows.common-controls_6595b64144ccf1df_6.0.22621.6060_none_2712eda17382d24b;c:\Users\Jay Datsur\.vscode\extensions\redhat.java-1.50.0-win32-x64\jre\21.0.9-win32-x86_64\bin\server;C:\Users\Jay Datsur\AppData\Roaming\Code\User\globalStorage\redhat.java\1.50.0\config_win\org.eclipse.equinox.launcher\org.eclipse.equinox.launcher.win32.win32.x86_64_1.2.1400.v20250801-0854;C:\Users\Jay Datsur\AppData\Local\Temp\jna--1300065443

VM Arguments:
jvm_args: --add-modules=ALL-SYSTEM --add-opens=java.base/java.util=ALL-UNNAMED --add-opens=java.base/java.lang=ALL-UNNAMED --add-opens=java.base/sun.nio.fs=ALL-UNNAMED -Declipse.application=org.eclipse.jdt.ls.core.id1 -Dosgi.bundles.defaultStartLevel=4 -Declipse.product=org.eclipse.jdt.ls.core.product -Djava.import.generatesMetadataFilesAtProjectRoot=false -DDetectVMInstallationsJob.disabled=true -Dfile.encoding=utf8 -XX:+UseParallelGC -XX:GCTimeRatio=4 -XX:AdaptiveSizePolicyWeight=90 -Dsun.zip.disableMemoryMapping=true -Xmx2G -Xms100m -Xlog:disable -javaagent:c:\Users\Jay Datsur\.vscode\extensions\redhat.java-1.50.0-win32-x64\lombok\lombok-1.18.39-4050.jar -XX:+HeapDumpOnOutOfMemoryError -XX:HeapDumpPath=c:\Users\Jay Datsur\AppData\Roaming\Code\User\workspaceStorage\8599b61cce8a9574df02a173741c62ad\redhat.java -Daether.dependencyCollector.impl=bf 
java_command: c:\Users\Jay Datsur\.vscode\extensions\redhat.java-1.50.0-win32-x64\server\plugins\org.eclipse.equinox.launcher_1.7.100.v20251111-0406.jar -configuration c:\Users\Jay Datsur\AppData\Roaming\Code\User\globalStorage\redhat.java\1.50.0\config_win -data c:\Users\Jay Datsur\AppData\Roaming\Code\User\workspaceStorage\8599b61cce8a9574df02a173741c62ad\redhat.java\jdt_ws --pipe=\\.\pipe\lsp-0411a2fc770ce5cf51f5be7e16e058f5-sock
java_class_path (initial): c:\Users\Jay Datsur\.vscode\extensions\redhat.java-1.50.0-win32-x64\server\plugins\org.eclipse.equinox.launcher_1.7.100.v20251111-0406.jar
Launcher Type: SUN_STANDARD

[Global flags]
    uintx AdaptiveSizePolicyWeight                 = 90                                        {product} {command line}
     intx CICompilerCount                          = 4                                         {product} {ergonomic}
    uintx GCTimeRatio                              = 4                                         {product} {command line}
     bool HeapDumpOnOutOfMemoryError               = true                                   {manageable} {command line}
    ccstr HeapDumpPath                             = c:\Users\Jay Datsur\AppData\Roaming\Code\User\workspaceStorage\8599b61cce8a9574df02a173741c62ad\redhat.java         {manageable} {command line}
   size_t InitialHeapSize                          = 104857600                                 {product} {command line}
   size_t MaxHeapSize                              = 2147483648                                {product} {command line}
   size_t MaxNewSize                               = 715653120                                 {product} {ergonomic}
   size_t MinHeapDeltaBytes                        = 524288                                    {product} {ergonomic}
   size_t MinHeapSize                              = 104857600                                 {product} {command line}
   size_t NewSize                                  = 34603008                                  {product} {ergonomic}
    uintx NonNMethodCodeHeapSize                   = 5839372                                {pd product} {ergonomic}
    uintx NonProfiledCodeHeapSize                  = 122909434                              {pd product} {ergonomic}
   size_t OldSize                                  = 70254592                                  {product} {ergonomic}
    uintx ProfiledCodeHeapSize                     = 122909434                              {pd product} {ergonomic}
    uintx ReservedCodeCacheSize                    = 251658240                              {pd product} {ergonomic}
     bool SegmentedCodeCache                       = true                                      {product} {ergonomic}
   size_t SoftMaxHeapSize                          = 2147483648                             {manageable} {ergonomic}
     bool UseCompressedOops                        = true                           {product lp64_product} {ergonomic}
     bool UseLargePagesIndividualAllocation        = false                                  {pd product} {ergonomic}
     bool UseParallelGC                            = true                                      {product} {command line}

Logging:
Log output configuration:
 #0: stdout all=off uptime,level,tags foldmultilines=false
 #1: stderr all=off uptime,level,tags foldmultilines=false

Release file:
JAVA_VERSION="21.0.9" 
MODULES="java.base java.compiler java.datatransfer java.xml java.prefs java.desktop java.instrument java.logging java.management java.security.sasl java.naming java.rmi java.management.rmi java.net.http java.scripting java.security.jgss java.transaction.xa java.sql java.sql.rowset java.xml.crypto java.se java.smartcardio jdk.accessibility jdk.internal.jvmstat jdk.attach jdk.charsets jdk.internal.opt jdk.zipfs jdk.compiler jdk.crypto.ec jdk.crypto.cryptoki jdk.crypto.mscapi jdk.dynalink jdk.internal.ed jdk.editpad jdk.hotspot.agent jdk.httpserver jdk.internal.le jdk.internal.vm.ci jdk.internal.vm.compiler jdk.internal.vm.compiler.management jdk.jartool jdk.javadoc jdk.jcmd jdk.management jdk.management.agent jdk.jconsole jdk.jdeps jdk.jdwp.agent jdk.jdi jdk.jfr jdk.jshell jdk.jsobject jdk.jstatd jdk.localedata jdk.management.jfr jdk.naming.dns jdk.naming.rmi jdk.net jdk.nio.mapmode jdk.random jdk.sctp jdk.security.auth jdk.security.jgss jdk.unsupported jdk.unsupported.desktop jdk.xml.dom" 

Environment Variables:
JAVA_HOME=C:\Programs\java\jdk-21.0.2
PATH=C:\WINDOWS\system32;C:\WINDOWS;C:\WINDOWS\System32\Wbem;C:\WINDOWS\System32\WindowsPowerShell\v1.0\;C:\WINDOWS\System32\OpenSSH\;C:\Program Files\Git\cmd;C:\Program Files\Docker\Docker\resources\bin;C:\Programs\apache-maven-3.9.6\bin;C:\Programs\java\jdk-21.0.2\bin;C:\Program Files\dotnet\;C:\Users\Jay Datsur\AppData\Local\Programs\Python\Python312\Scripts\;C:\Users\Jay Datsur\AppData\Local\Programs\Python\Python312\;C:\Users\Jay Datsur\AppData\Local\Microsoft\WindowsApps;C:\Programs\VS Code\bin;
USERNAME=JayDastur
OS=Windows_NT
PROCESSOR_IDENTIFIER=Intel64 Family 6 Model 140 Stepping 1, GenuineIntel
TMP=C:\Users\JAYDAT~1\AppData\Local\Temp
TEMP=C:\Users\JAYDAT~1\AppData\Local\Temp




Periodic native trim disabled

---------------  S Y S T E M  ---------------

OS:
 Windows 11 , 64 bit Build 22621 (10.0.22621.5415)
OS uptime: 19 days 0:37 hours
Hyper-V role detected

CPU: total 8 (initial active 8) (4 cores per cpu, 2 threads per core) family 6 model 140 stepping 1 microcode 0x86, cx8, cmov, fxsr, ht, mmx, 3dnowpref, sse, sse2, sse3, ssse3, sse4.1, sse4.2, popcnt, lzcnt, tsc, tscinvbit, avx, avx2, aes, erms, clmul, bmi1, bmi2, adx, avx512f, avx512dq, avx512cd, avx512bw, avx512vl, sha, fma, vzeroupper, avx512_vpopcntdq, avx512_vpclmulqdq, avx512_vaes, avx512_vnni, clflush, clflushopt, clwb, avx512_vbmi2, avx512_vbmi, hv, rdtscp, rdpid, fsrm, gfni, avx512_bitalg, f16c, cet_ibt, cet_ss, avx512_ifma
Processor Information for processor 0
  Max Mhz: 2803, Current Mhz: 2803, Mhz Limit: 1177
Processor Information for processor 1
  Max Mhz: 2803, Current Mhz: 1201, Mhz Limit: 1177
Processor Information for processor 2
  Max Mhz: 2803, Current Mhz: 1201, Mhz Limit: 1177
Processor Information for processor 3
  Max Mhz: 2803, Current Mhz: 1201, Mhz Limit: 1177
Processor Information for processor 4
  Max Mhz: 2803, Current Mhz: 1201, Mhz Limit: 1177
Processor Information for processor 5
  Max Mhz: 2803, Current Mhz: 1201, Mhz Limit: 1177
Processor Information for processor 6
  Max Mhz: 2803, Current Mhz: 1201, Mhz Limit: 1177
Processor Information for processor 7
  Max Mhz: 2803, Current Mhz: 1201, Mhz Limit: 1177

Memory: 4k page, system-wide physical 16103M (450M free)
TotalPageFile size 65255M (AvailPageFile size 0M)
current process WorkingSet (physical memory assigned to process): 1091M, peak: 1686M
current process commit charge ("private bytes"): 1718M, peak: 1814M

vm_info: OpenJDK 64-Bit Server VM (21.0.9+10-LTS) for windows-amd64 JRE (21.0.9+10-LTS), built on 2025-10-21T00:00:00Z by "admin" with unknown MS VC++:1942

END.
